Running: D:\Software\Xilinx\14.7\ISE_DS\ISE\bin\nt64\unwrapped\fuse.exe -intstyle ise -incremental -lib unisims_ver -lib unimacro_ver -lib xilinxcorelib_ver -lib secureip -o D:/Project/CNNinFPGA/CnnFpga/fpga_tb_isim_beh.exe -prj D:/Project/CNNinFPGA/CnnFpga/fpga_tb_beh.prj work.fpga_tb work.glbl 
ISim P.20131013 (signature 0x7708f090)
Number of CPUs detected in this system: 12
Turning on mult-threading, number of parallel sub-compilation jobs: 24 
Determining compilation order of HDL files
Analyzing Verilog file "D:/Project/CNNinFPGA/CnnFpga/usb.v" into library work
Analyzing Verilog file "D:/Project/CNNinFPGA/CnnFpga/fpga.v" into library work
Analyzing Verilog file "D:/Project/CNNinFPGA/CnnFpga/fpga_tb.v" into library work
Analyzing Verilog file "D:/Software/Xilinx/14.7/ISE_DS/ISE//verilog/src/glbl.v" into library work
Starting static elaboration
Completed static elaboration
Compiling module usb
Compiling module fpga
Compiling module fpga_tb
Compiling module glbl
Time Resolution for simulation is 1ps.
WARNING:Simulator - Unable to copy libPortabilityNOSH.dll to the simulation executable directory: boost::filesystem::copy_file: 系统找不到指定的路径。, "isim\fpga_tb_isim_beh.exe.sim\libPortability.dll".
Compiled 4 Verilog Units
Built simulation executable D:/Project/CNNinFPGA/CnnFpga/fpga_tb_isim_beh.exe
Fuse Memory Usage: 28512 KB
Fuse CPU Usage: 327 ms
